\BOOKMARK [1][-]{section.1}{\376\377\000I\000n\000t\000r\000o\000d\000u\000c\000t\000i\000o\000n}{}% 1
\BOOKMARK [1][-]{section.2}{\376\377\000V\000a\000l\000u\000e\000\040\000F\000u\000n\000c\000t\000i\000o\000n\000\040\000I\000t\000e\000r\000a\000t\000i\000o\000n\000:\000\040\000S\000o\000l\000v\000i\000n\000g\000\040\000f\000o\000r\000\040\000V\000\040\000a\000n\000d\000\040\000P\000o\000l\000i\000c\000y}{}% 2
\BOOKMARK [2][-]{subsection.2.1}{\376\377\000I\000n\000f\000i\000n\000i\000t\000e\000\040\000H\000o\000r\000i\000z\000o\000n\000:\000\040\000d\000e\000c\000i\000s\000i\000o\000n\000\040\000v\000a\000r\000i\000a\000b\000l\000e\000,\000\040\000m\000a\000r\000k\000o\000v\000\040\000s\000h\000o\000c\000k}{section.2}% 3
\BOOKMARK [3][-]{subsubsection.2.1.1}{\376\377\000R\000e\000f\000i\000n\000e\000m\000e\000n\000t}{subsection.2.1}% 4
\BOOKMARK [2][-]{subsection.2.2}{\376\377\000F\000i\000n\000i\000t\000e\000\040\000H\000o\000r\000i\000z\000o\000n\000:\000\040\000d\000e\000c\000i\000s\000i\000o\000n\000\040\000v\000a\000r\000i\000a\000b\000l\000e\000,\000\040\000m\000a\000r\000k\000o\000v\000\040\000s\000h\000o\000c\000k}{section.2}% 5
\BOOKMARK [3][-]{subsubsection.2.2.1}{\376\377\000F\000i\000n\000i\000t\000e\000\040\000H\000o\000r\000i\000z\000o\000n\000:\000\040\000s\000e\000m\000i\000-\000e\000x\000o\000g\000e\000n\000o\000u\000s\000\040\000s\000t\000a\000t\000e}{subsection.2.2}% 6
\BOOKMARK [3][-]{subsubsection.2.2.2}{\376\377\000F\000i\000n\000i\000t\000e\000\040\000H\000o\000r\000i\000z\000o\000n\000:\000\040\000e\000x\000p\000e\000r\000i\000e\000n\000c\000e\000a\000s\000s\000e\000t}{subsection.2.2}% 7
\BOOKMARK [3][-]{subsubsection.2.2.3}{\376\377\000H\000o\000w\000\040\000i\000n\000t\000e\000r\000p\000o\000l\000a\000t\000i\000o\000n\000\040\000i\000s\000\040\000d\000o\000n\000e}{subsection.2.2}% 8
\BOOKMARK [3][-]{subsubsection.2.2.4}{\376\377\000F\000i\000n\000i\000t\000e\000\040\000H\000o\000r\000i\000z\000o\000n\000:\000\040\000r\000i\000s\000k\000y\000a\000s\000s\000e\000t}{subsection.2.2}% 9
\BOOKMARK [3][-]{subsubsection.2.2.5}{\376\377\000F\000i\000n\000i\000t\000e\000\040\000H\000o\000r\000i\000z\000o\000n\000:\000\040\000s\000t\000a\000n\000d\000a\000r\000d\000\040\000\046\000\040\000r\000i\000s\000k\000y\000a\000s\000s\000e\000t}{subsection.2.2}% 10
\BOOKMARK [3][-]{subsubsection.2.2.6}{\376\377\000F\000i\000n\000i\000t\000e\000\040\000H\000o\000r\000i\000z\000o\000n\000:\000\040\000E\000p\000s\000t\000e\000i\000n\000-\000Z\000i\000n\000\040\000p\000r\000e\000f\000e\000r\000e\000n\000c\000e\000s}{subsection.2.2}% 11
\BOOKMARK [1][-]{section.3}{\376\377\000A\000g\000e\000n\000t\000\040\000D\000i\000s\000t\000r\000i\000b\000u\000t\000i\000o\000n}{}% 12
\BOOKMARK [2][-]{subsection.3.1}{\376\377\000S\000t\000a\000t\000i\000o\000n\000a\000r\000y\000\040\000A\000g\000e\000n\000t\000\040\000D\000i\000s\000t\000r\000i\000b\000u\000t\000i\000o\000n\000\040\000i\000n\000\040\000I\000n\000f\000i\000n\000i\000t\000e\000\040\000H\000o\000r\000i\000z\000o\000n}{section.3}% 13
\BOOKMARK [3][-]{subsubsection.3.1.1}{\376\377\000S\000t\000a\000t\000i\000o\000n\000a\000r\000y\000\040\000A\000g\000e\000n\000t\000\040\000D\000i\000s\000t\000r\000i\000b\000u\000t\000i\000o\000n\000\040\000a\000s\000\040\000E\000i\000g\000e\000n\000v\000e\000c\000t\000o\000r}{subsection.3.1}% 14
\BOOKMARK [3][-]{subsubsection.3.1.2}{\376\377\000S\000i\000m\000u\000l\000a\000t\000e\000\040\000A\000g\000e\000n\000t\000\040\000D\000i\000s\000t\000r\000i\000b\000u\000t\000i\000o\000n}{subsection.3.1}% 15
\BOOKMARK [3][-]{subsubsection.3.1.3}{\376\377\000I\000t\000e\000r\000a\000t\000e\000\040\000A\000g\000e\000n\000t\000\040\000D\000i\000s\000t\000r\000i\000b\000u\000t\000i\000o\000n}{subsection.3.1}% 16
\BOOKMARK [3][-]{subsubsection.3.1.4}{\376\377\000T\000a\000n\000\040\000I\000m\000p\000r\000o\000v\000e\000m\000e\000n\000t\000\040\000t\000o\000\040\000I\000t\000e\000r\000a\000t\000i\000n\000g\000\040\000A\000g\000e\000n\000t\000\040\000D\000i\000s\000t\000r\000i\000b\000u\000t\000i\000o\000n}{subsection.3.1}% 17
\BOOKMARK [2][-]{subsection.3.2}{\376\377\000A\000g\000e\000n\000t\000\040\000D\000i\000s\000t\000r\000i\000b\000u\000t\000i\000o\000n\000\040\000i\000n\000\040\000F\000i\000n\000i\000t\000e\000\040\000H\000o\000r\000i\000z\000o\000n}{section.3}% 18
\BOOKMARK [3][-]{subsubsection.3.2.1}{\376\377\000S\000i\000m\000u\000l\000a\000t\000i\000n\000g\000\040\000t\000h\000e\000\040\000A\000g\000e\000n\000t\000\040\000D\000i\000s\000t\000r\000i\000b\000u\000t\000i\000o\000n}{subsection.3.2}% 19
\BOOKMARK [3][-]{subsubsection.3.2.2}{\376\377\000I\000t\000e\000r\000a\000t\000i\000n\000g\000\040\000t\000h\000e\000\040\000A\000g\000e\000n\000t\000\040\000D\000i\000s\000t\000r\000i\000b\000u\000t\000i\000o\000n}{subsection.3.2}% 20
\BOOKMARK [3][-]{subsubsection.3.2.3}{\376\377\000T\000a\000n\000\040\000I\000m\000p\000r\000o\000v\000e\000m\000e\000n\000t\000\040\000I\000t\000e\000r\000a\000t\000i\000n\000g\000\040\000t\000h\000e\000\040\000A\000g\000e\000n\000t\000\040\000D\000i\000s\000t\000r\000i\000b\000u\000t\000i\000o\000n}{subsection.3.2}% 21
\BOOKMARK [3][-]{subsubsection.3.2.4}{\376\377\000T\000a\000n\000\040\000I\000m\000p\000r\000o\000v\000e\000m\000e\000n\000t\000\040\000w\000i\000t\000h\000\040\000S\000e\000m\000i\000-\000E\000x\000o\000g\000e\000n\000o\000u\000s\000\040\000s\000h\000o\000c\000k\000s}{subsection.3.2}% 22
\BOOKMARK [3][-]{subsubsection.3.2.5}{\376\377\000I\000t\000e\000r\000a\000t\000i\000n\000g\000\040\000t\000h\000e\000\040\000A\000g\000e\000n\000t\000\040\000D\000i\000s\000t\000r\000i\000b\000u\000t\000i\000o\000n\000\040\000w\000i\000t\000h\000\040\000'\000T\000w\000o\000P\000r\000o\000b\000s\000'\000\040\000\050\000L\000i\000n\000e\000a\000r\000\040\000I\000n\000t\000e\000r\000p\000o\000l\000a\000t\000i\000o\000n\000\051}{subsection.3.2}% 23
\BOOKMARK [3][-]{subsubsection.3.2.6}{\376\377\000I\000t\000e\000r\000a\000t\000i\000n\000g\000\040\000t\000h\000e\000\040\000A\000g\000e\000n\000t\000\040\000D\000i\000s\000t\000r\000i\000b\000u\000t\000i\000o\000n\000\040\000w\000i\000t\000h\000\040\000'\000u\000P\000r\000o\000b\000s\000'}{subsection.3.2}% 24
\BOOKMARK [1][-]{section.4}{\376\377\000S\000t\000a\000t\000i\000o\000n\000a\000r\000y\000\040\000G\000e\000n\000e\000r\000a\000l\000\040\000E\000q\000u\000i\000l\000i\000b\000r\000i\000u\000m}{}% 25
\BOOKMARK [1][-]{section.5}{\376\377\000T\000r\000a\000n\000s\000i\000t\000i\000o\000n\000\040\000P\000a\000t\000h\000\040\000G\000e\000n\000e\000r\000a\000l\000\040\000E\000q\000u\000i\000l\000i\000b\000r\000i\000u\000m}{}% 26
